   1               		.file	"watchdog.c"
   2               	__SREG__ = 0x3f
   3               	__SP_H__ = 0x3e
   4               	__SP_L__ = 0x3d
   5               	__CCP__  = 0x34
   6               	__tmp_reg__ = 0
   7               	__zero_reg__ = 1
   9               		.text
  10               	.Ltext0:
 397               	.global	WDT_EnableAndSetTimeout
 399               	WDT_EnableAndSetTimeout:
   1:watchdog.c    **** /************************************************************************/
   2:watchdog.c    **** /* XBoot Extensible AVR Bootloader                                      */
   3:watchdog.c    **** /*                                                                      */
   4:watchdog.c    **** /* Watchdog Module                                                      */
   5:watchdog.c    **** /*                                                                      */
   6:watchdog.c    **** /* watchdog.c                                                           */
   7:watchdog.c    **** /*                                                                      */
   8:watchdog.c    **** /* Alex Forencich <alex@alexforencich.com>                              */
   9:watchdog.c    **** /*                                                                      */
  10:watchdog.c    **** /* Copyright (c) 2010 Alex Forencich                                    */
  11:watchdog.c    **** /*                                                                      */
  12:watchdog.c    **** /* Permission is hereby granted, free of charge, to any person          */
  13:watchdog.c    **** /* obtaining a copy of this software and associated documentation       */
  14:watchdog.c    **** /* files(the "Software"), to deal in the Software without restriction,  */
  15:watchdog.c    **** /* including without limitation the rights to use, copy, modify, merge, */
  16:watchdog.c    **** /* publish, distribute, sublicense, and/or sell copies of the Software, */
  17:watchdog.c    **** /* and to permit persons to whom the Software is furnished to do so,    */
  18:watchdog.c    **** /* subject to the following conditions:                                 */
  19:watchdog.c    **** /*                                                                      */
  20:watchdog.c    **** /* The above copyright notice and this permission notice shall be       */
  21:watchdog.c    **** /* included in all copies or substantial portions of the Software.      */
  22:watchdog.c    **** /*                                                                      */
  23:watchdog.c    **** /* THE SOFTWARE IS PROVIDED "AS IS", WITHOUT WARRANTY OF ANY KIND,      */
  24:watchdog.c    **** /* EXPRESS OR IMPLIED, INCLUDING BUT NOT LIMITED TO THE WARRANTIES OF   */
  25:watchdog.c    **** /* MERCHANTABILITY, FITNESS FOR A PARTICULAR PURPOSE AND                */
  26:watchdog.c    **** /* NONINFRINGEMENT. IN NO EVENT SHALL THE AUTHORS OR COPYRIGHT HOLDERS  */
  27:watchdog.c    **** /* BE LIABLE FOR ANY CLAIM, DAMAGES OR OTHER LIABILITY, WHETHER IN AN   */
  28:watchdog.c    **** /* ACTION OF CONTRACT, TORT OR OTHERWISE, ARISING FROM, OUT OF OR IN    */
  29:watchdog.c    **** /* CONNECTION WITH THE SOFTWARE OR THE USE OR OTHER DEALINGS IN THE     */
  30:watchdog.c    **** /* SOFTWARE.                                                            */
  31:watchdog.c    **** /*                                                                      */
  32:watchdog.c    **** /************************************************************************/
  33:watchdog.c    **** 
  34:watchdog.c    **** #include "watchdog.h"
  35:watchdog.c    **** 
  36:watchdog.c    **** void __attribute__ ((always_inline)) WDT_EnableAndSetTimeout( void )
  37:watchdog.c    **** {
 400               	EnableAndSetTimeout, @function
 401               	WDT_EnableAndSetTimeout:
 403               	.LM0:
 404               	.LFBB1:
  38:watchdog.c    **** tTimeout( void )
  39:watchdog.c    **** {
 405               	etTimeout:
 407 0000 88ED      	.LM0:
 408 0002 84BF      	.LFBB1:
  40:watchdog.c    **** tTimeout( void )
 409               	etTimeout:
 411 0004 8FE1      	.LM0:
 412 0006 8093 8000 	.LFBB1:
 413               	/* prologue: function */
  41:watchdog.c    **** dSetTimeout( void )
  42:watchdog.c    **** {
  43:watchdog.c    ****         uint8_t temp = WDT_ENABLE_bm | WDT_CEN_bm | WATCHDOG_TIMEOUT;
 414               	,.LM0-.LFBB1
 415               	.LM0:
 416 000a 8091 8200 	.LFBB1:
 417 000e 80FD      	/* prologue: function */
 418 0010 00C0      	/* frame size = 0 */
  44:watchdog.c    **** WATCHDOG_TIMEOUT;
 420               	
 421               	/* frame size = 0 */
 423               	.LM1:
 424               		ldi r24,lo8(-40)
 425               		out 52-0,r24
 427               	.LM2:
 428               		ldi r24,lo8(31)
  45:watchdog.c    **** WATCHDOG_TIMEOUT;
  46:watchdog.c    ****         CCP = CCP_IOREG_gc;
  47:watchdog.c    ****         WDT.CTRL = temp;
 429               		68,0,40,.LM2-.LFBB1
 430               	.LM2:
 431               		ldi r24,lo8(31)
 432               		sts 128,r24
 433               	.L2:
  48:watchdog.c    **** DT.CTRL = temp;
 434               	
 435               	.LM2:
 436 0014 E0E8      		ldi r24,lo8(31)
 437 0016 F0E0      		sts 128,r24
 438 0018 8081      	.L2:
 440 001c 8160      	.LM3:
  49:watchdog.c    **** DT.CTRL = temp;
 441               	
 442               	.L2:
 444 0020 94BF      	.LM3:
  50:watchdog.c    **** DT.CTRL = temp;
 445               	
 446               	.L2:
 448               	.LM3:
  51:watchdog.c    **** DT.CTRL = temp;
 449               	
 450               	.L2:
 452               	.LM3:
 453               		lds r24,130
 454               		sbrc r24,0
 455               		rjmp .L2
DEFINED SYMBOLS
                            *ABS*:00000000 watchdog.c
C:\Users\tlauwers\AppData\Local\Temp/cc5Df1sn.s:2      *ABS*:0000003f __SREG__
C:\Users\tlauwers\AppData\Local\Temp/cc5Df1sn.s:3      *ABS*:0000003e __SP_H__
C:\Users\tlauwers\AppData\Local\Temp/cc5Df1sn.s:4      *ABS*:0000003d __SP_L__
C:\Users\tlauwers\AppData\Local\Temp/cc5Df1sn.s:5      *ABS*:00000034 __CCP__
C:\Users\tlauwers\AppData\Local\Temp/cc5Df1sn.s:6      *ABS*:00000000 __tmp_reg__
C:\Users\tlauwers\AppData\Local\Temp/cc5Df1sn.s:7      *ABS*:00000001 __zero_reg__
C:\Users\tlauwers\AppData\Local\Temp/cc5Df1sn.s:399    .text:00000000 WDT_EnableAndSetTimeout
C:\Users\tlauwers\AppData\Local\Temp/cc5Df1sn.s:428    .text:00000014 WDT_Disable

NO UNDEFINED SYMBOLS
